  Лабораторная работа №30.cpp
D:\Инфа\Лабораторная работа №30\Tree.h(670,20): warning C4244: =: преобразование "double" в "float", возможна потеря данных
D:\Инфа\Лабораторная работа №30\Tree.h(671,20): warning C4244: =: преобразование "double" в "float", возможна потеря данных
D:\Инфа\Лабораторная работа №30\Tree.h(682,20): warning C4244: =: преобразование "double" в "float", возможна потеря данных
D:\Инфа\Лабораторная работа №30\Tree.h(683,20): warning C4244: =: преобразование "double" в "float", возможна потеря данных
D:\Инфа\Лабораторная работа №30\Tree.h(695,34): warning C4244: аргумент: преобразование "int" в "GLfloat", возможна потеря данных
D:\Инфа\Лабораторная работа №30\Tree.h(695,22): warning C4244: аргумент: преобразование "int" в "GLfloat", возможна потеря данных
D:\Инфа\Лабораторная работа №30\Лабораторная работа №30.cpp(174,9): warning C4244: инициализация: преобразование "double" в "int", возможна потеря данных
D:\Инфа\Лабораторная работа №30\Лабораторная работа №30.cpp(175,9): warning C4244: инициализация: преобразование "double" в "int", возможна потеря данных
D:\Инфа\Лабораторная работа №30\Лабораторная работа №30.cpp(176,9): warning C4244: инициализация: преобразование "double" в "int", возможна потеря данных
D:\Инфа\Лабораторная работа №30\Лабораторная работа №30.cpp(93,15): warning C4244: инициализация: преобразование "double" в "int", возможна потеря данных
D:\Инфа\Лабораторная работа №30\Лабораторная работа №30.cpp(75): message : выполняется компиляция ссылки на экземпляр шаблон функции "void display<T>(void)"
          with
          [
              T=int
          ]
D:\Инфа\Лабораторная работа №30\Tree.h(605): message : выполняется компиляция ссылки на экземпляр шаблон функции "void initWindow<T>(int,char **)"
          with
          [
              T=int
          ]
D:\Инфа\Лабораторная работа №30\Tree.h(598): message : во время компиляции функции-члена класс шаблон "void Tree<int>::drawTree(int,char **,int,int,int,int)"
D:\Инфа\Лабораторная работа №30\Лабораторная работа №30.cpp(192): message : выполняется компиляция ссылки на экземпляр шаблон функции "void Tree<int>::drawTree(int,char **,int,int,int,int)"
D:\Инфа\Лабораторная работа №30\Лабораторная работа №30.cpp(187): message : выполняется компиляция ссылки на экземпляр класс шаблон функции "Tree<int>"
  Лабораторная работа №30.vcxproj -> D:\Инфа\Лабораторная работа №30\x64\Debug\Лабораторная работа №30.exe
