  Творческая_I.cpp
D:\Инфа\Творческая_I\Graph.h(91,1): warning C4305: =: усечение из "double" в "float"
D:\Инфа\Творческая_I\Graph.h(116,1): warning C4305: аргумент: усечение из "double" в "GLfloat"
D:\Инфа\Творческая_I\Graph.h(117,70): warning C4244: аргумент: преобразование "double" в "float", возможна потеря данных
D:\Инфа\Творческая_I\Graph.h(144,60): warning C4305: +=: усечение из "double" в "float"
D:\Инфа\Творческая_I\Graph.h(383,12): warning C4244: аргумент: преобразование "time_t" в "unsigned int", возможна потеря данных
D:\Инфа\Творческая_I\Graph.h(597,15): warning C4244: =: преобразование "float" в "int", возможна потеря данных
D:\Инфа\Творческая_I\Graph.h(598,15): warning C4244: =: преобразование "float" в "int", возможна потеря данных
D:\Инфа\Творческая_I\Graph.h(822,19): warning C4305: /=: усечение из "double" в "float"
D:\Инфа\Творческая_I\Graph.h(830,80): warning C4244: аргумент: преобразование "int" в "float", возможна потеря данных
D:\Инфа\Творческая_I\Graph.h(830,61): warning C4244: аргумент: преобразование "int" в "float", возможна потеря данных
D:\Инфа\Творческая_I\Graph.h(830,30): warning C4244: аргумент: преобразование "int" в "float", возможна потеря данных
D:\Инфа\Творческая_I\Творческая_I.cpp(7,12): warning C4244: аргумент: преобразование "time_t" в "unsigned int", возможна потеря данных
D:\Инфа\Творческая_I\Творческая_I.cpp(20,86): warning C4244: аргумент: преобразование "int" в "float", возможна потеря данных
D:\Инфа\Творческая_I\Творческая_I.cpp(20,62): warning C4244: аргумент: преобразование "int" в "float", возможна потеря данных
D:\Инфа\Творческая_I\Творческая_I.cpp(20,31): warning C4244: аргумент: преобразование "int" в "float", возможна потеря данных
D:\Инфа\Творческая_I\Graph.h(220,1): warning C4267: инициализация: преобразование из "size_t" в "int"; возможна потеря данных
D:\Инфа\Творческая_I\Graph.h(216): message : во время компиляции функции-члена класс шаблон "void Graph<int>::Print(void)"
D:\Инфа\Творческая_I\Graph.h(416): message : выполняется компиляция ссылки на экземпляр шаблон функции "void Graph<int>::Print(void)"
D:\Инфа\Творческая_I\Graph.h(379): message : выполняется компиляция ссылки на экземпляр класс шаблон функции "Graph<int>"
D:\Инфа\Творческая_I\Graph.h(666,1): warning C4267: инициализация: преобразование из "size_t" в "int"; возможна потеря данных
D:\Инфа\Творческая_I\Graph.h(665): message : во время компиляции функции-члена класс шаблон "void Graph<int>::DrawGraph(void)"
D:\Инфа\Творческая_I\Graph.h(730): message : выполняется компиляция ссылки на экземпляр шаблон функции "void Graph<int>::DrawGraph(void)"
  Творческая_I.vcxproj -> D:\Инфа\Творческая_I\x64\Debug\Творческая_I.exe
